 Seq Scan on cars  (cost=0.00..535.77 rows=11828 width=48) (actual time=0.017..7.447 rows=11828 loops=1)
   Filter: (engine_cylinders_count <> 0)
   Rows Removed by Filter: 86
 Planning Time: 0.075 ms
 Execution Time: 7.810 ms